<?xml version="1.0" encoding="UTF-8"?>
<!-- Generated by org.testng.reporters.JUnitXMLReporter -->
<testsuite hostname="LAPTOP-25CEQ6VJ" ignored="0" name="Default test(failed)" tests="1" failures="1" timestamp="2021-07-11T01:51:25 EDT" time="6.494" errors="0">
  <testcase name="@AfterTest getTeardown" time="0.0" classname="com.smoke.SmokeTest">
    <failure type="java.lang.NullPointerException">
      <![CDATA[java.lang.NullPointerException
at com.smoke.SmokeTest.getTeardown(SmokeTest.java:41)
... Removed 24 stack frames]]>
    </failure>
  </testcase> <!-- @AfterTest getTeardown -->
  <testcase name="getLoginTest" time="0.079" classname="com.smoke.SmokeTest">
    <failure type="java.lang.NullPointerException">
      <![CDATA[java.lang.NullPointerException
at com.utility.Highlighter.addColor(Highlighter.java:14)
at com.generic.Baselogin_1.getLogout(Baselogin_1.java:15)
at com.smoke.SmokeTest.getLoginTest(SmokeTest.java:26)
at java.util.ArrayList.forEach(Unknown Source)
... Removed 27 stack frames]]>
    </failure>
  </testcase> <!-- getLoginTest -->
</testsuite> <!-- Default test(failed) -->
